[debug] [2022-12-19T09:26:39.884Z] ----------------------------------------------------------------------
[debug] [2022-12-19T09:26:39.886Z] Command:       /usr/local/bin/node /usr/local/bin/firebase init
[debug] [2022-12-19T09:26:39.887Z] CLI Version:   11.18.0
[debug] [2022-12-19T09:26:39.887Z] Platform:      darwin
[debug] [2022-12-19T09:26:39.887Z] Node Version:  v16.14.0
[debug] [2022-12-19T09:26:39.888Z] Time:          Mon Dec 19 2022 11:26:39 GMT+0200 (Israel Standard Time)
[debug] [2022-12-19T09:26:39.889Z] ----------------------------------------------------------------------
[debug] 
[debug] [2022-12-19T09:26:39.894Z] > command requires scopes: ["email","openid","https://www.googleapis.com/auth/cloudplatformprojects.readonly","https://www.googleapis.com/auth/firebase","https://www.googleapis.com/auth/cloud-platform"]
[debug] [2022-12-19T09:26:39.895Z] > authorizing via signed-in user (danyi1212@gmail.com)
[info] 
     ######## #### ########  ######## ########     ###     ######  ########
     ##        ##  ##     ## ##       ##     ##  ##   ##  ##       ##
     ######    ##  ########  ######   ########  #########  ######  ######
     ##        ##  ##    ##  ##       ##     ## ##     ##       ## ##
     ##       #### ##     ## ######## ########  ##     ##  ######  ########

You're about to initialize a Firebase project in this directory:

  /Users/danyi/PersonalProjects/nfc-demo

[info] 
=== Project Setup
[info] 
[info] First, let's associate this project directory with a Firebase project.
[info] You can create multiple project aliases by running firebase use --add, 
[info] but for now we'll just set up a default project.
[info] 
[debug] [2022-12-19T09:26:48.423Z] >>> [apiv2][query] GET https://firebase.googleapis.com/v1beta1/projects pageSize=100
[debug] [2022-12-19T09:26:49.196Z] <<< [apiv2][status] GET https://firebase.googleapis.com/v1beta1/projects 200
[debug] [2022-12-19T09:26:49.196Z] <<< [apiv2][body] GET https://firebase.googleapis.com/v1beta1/projects [omitted]
[info] i  Using project menora-demo (menora-demo) 
[info] 
=== Hosting Setup
[info] 
[info] Your public directory is the folder (relative to your project directory) that
[info] will contain Hosting assets to be uploaded with firebase deploy. If you
[info] have a build process for your assets, use your build's output directory.
[info] 
[debug] [2022-12-19T09:27:06.947Z] >>> [apiv2][query] GET https://www.gstatic.com/firebasejs/releases.json [none]
[debug] [2022-12-19T09:27:07.090Z] <<< [apiv2][status] GET https://www.gstatic.com/firebasejs/releases.json 200
[debug] [2022-12-19T09:27:07.090Z] <<< [apiv2][body] GET https://www.gstatic.com/firebasejs/releases.json {"current":{"version":"9.15.0","browserURL":"https://www.gstatic.com/firebasejs/9.15.0/firebase.js","packageURL":"https://www.gstatic.com/firebasejs/9.15.0/firebase.tgz"},"live":{"version":"9.15","browserURL":"https://www.gstatic.com/firebasejs/live/9.15/firebase.js","packageURL":"https://www.gstatic.com/firebasejs/live/9.15/firebase.tgz"},"components":{"analytics":"https://www.gstatic.com/firebasejs/9.15.0/firebase-analytics.js","app":"https://www.gstatic.com/firebasejs/9.15.0/firebase-app.js","app-check":"https://www.gstatic.com/firebasejs/9.15.0/firebase-app-check.js","auth":"https://www.gstatic.com/firebasejs/9.15.0/firebase-auth.js","auth/cordova":"https://www.gstatic.com/firebasejs/9.15.0/firebase-auth/cordova.js","auth/react-native":"https://www.gstatic.com/firebasejs/9.15.0/firebase-auth/react-native.js","functions":"https://www.gstatic.com/firebasejs/9.15.0/firebase-functions.js","firestore":"https://www.gstatic.com/firebasejs/9.15.0/firebase-firestore.js","firestore/lite":"https://www.gstatic.com/firebasejs/9.15.0/firebase-firestore/lite.js","installations":"https://www.gstatic.com/firebasejs/9.15.0/firebase-installations.js","storage":"https://www.gstatic.com/firebasejs/9.15.0/firebase-storage.js","performance":"https://www.gstatic.com/firebasejs/9.15.0/firebase-performance.js","remote-config":"https://www.gstatic.com/firebasejs/9.15.0/firebase-remote-config.js","messaging":"https://www.gstatic.com/firebasejs/9.15.0/firebase-messaging.js","messaging/sw":"https://www.gstatic.com/firebasejs/9.15.0/firebase-messaging/sw.js","database":"https://www.gstatic.com/firebasejs/9.15.0/firebase-database.js","firestore.memory":"https://www.gstatic.com/firebasejs/9.15.0/firebase-firestore.memory.js"}}
[info] i  Skipping write of public/index.html 
[info] 
[info] i  Detected a .git folder at /Users/danyi/PersonalProjects/nfc-demo 
[info] i  Authorizing with GitHub to upload your service account to a GitHub repository's secrets store. 
[info] 
[info] Visit this URL on this device to log in:
[info] https://github.com/login/oauth/authorize?client_id=89cf50f02ac6aaed3484&state=1057630886&redirect_uri=http%3A%2F%2Flocalhost%3A9005&scope=read%3Auser%20repo%20public_repo
[info] 
[info] Waiting for authentication...
[debug] [2022-12-19T09:27:31.087Z] >>> [apiv2][query] POST https://github.com/login/oauth/access_token [none]
[debug] [2022-12-19T09:27:31.088Z] >>> [apiv2][body] POST https://github.com/login/oauth/access_token [stream]
[debug] [2022-12-19T09:27:31.662Z] <<< [apiv2][status] POST https://github.com/login/oauth/access_token 200
[debug] [2022-12-19T09:27:31.662Z] <<< [apiv2][body] POST https://github.com/login/oauth/access_token {"access_token":"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","token_type":"bearer","scope":"read:user,repo"}
[debug] [2022-12-19T09:27:31.665Z] >>> [apiv2][query] GET https://api.github.com/user [none]
[debug] [2022-12-19T09:27:32.185Z] <<< [apiv2][status] GET https://api.github.com/user 200
[debug] [2022-12-19T09:27:32.185Z] <<< [apiv2][body] GET https://api.github.com/user {"login":"danyi1212","id":12188774,"node_id":"MDQ6VXNlcjEyMTg4Nzc0","avatar_url":"https://avatars.githubusercontent.com/u/12188774?v=4","gravatar_id":"","url":"https://api.github.com/users/danyi1212","html_url":"https://github.com/danyi1212","followers_url":"https://api.github.com/users/danyi1212/followers","following_url":"https://api.github.com/users/danyi1212/following{/other_user}","gists_url":"https://api.github.com/users/danyi1212/gists{/gist_id}","starred_url":"https://api.github.com/users/danyi1212/starred{/owner}{/repo}","subscriptions_url":"https://api.github.com/users/danyi1212/subscriptions","organizations_url":"https://api.github.com/users/danyi1212/orgs","repos_url":"https://api.github.com/users/danyi1212/repos","events_url":"https://api.github.com/users/danyi1212/events{/privacy}","received_events_url":"https://api.github.com/users/danyi1212/received_events","type":"User","site_admin":false,"name":"Dan Yishai","company":null,"blog":"","location":null,"email":null,"hireable":null,"bio":null,"twitter_username":null,"public_repos":6,"public_gists":2,"followers":3,"following":5,"created_at":"2015-04-30T16:46:48Z","updated_at":"2022-12-16T13:41:10Z","private_gists":6,"total_private_repos":24,"owned_private_repos":24,"disk_usage":200931,"collaborators":6,"two_factor_authentication":false,"plan":{"name":"free","space":976562499,"collaborators":0,"private_repos":10000}}
[info] 
[info] ✔  Success! Logged into GitHub as danyi1212 
[info] 
